Using pre-set license
Built from '2020.3/release' branch; Version is '2020.3.2f1 (8fd9074bf66c) revision 9427207'; Using compiler version '192528614'; Build Type 'Release'
OS: 'Windows 10 Pro N; OS build 19041.1415; Version 2004; 64bit' Language: 'en' Physical Memory: 32678 MB
BatchMode: 1, IsHumanControllingUs: 0, StartBugReporterOnCrash: 0, Is64bit: 1, IsPro: 0

 COMMAND LINE ARGUMENTS:
D:\Unity Editors\2020.3.2f1\Editor\Unity.exe
-adb2
-batchMode
-noUpm
-name
AssetImportWorker0
-projectPath
D:/Git Projects/VR-Mass-Spec/VR Mass Spec
-logFile
Logs/AssetImportWorker0.log
-srvPort
50180
Successfully changed project path to: D:/Git Projects/VR-Mass-Spec/VR Mass Spec
D:/Git Projects/VR-Mass-Spec/VR Mass Spec
Using Asset Import Pipeline V2.
Refreshing native plugins compatible for Editor in 72.17 ms, found 9 plugins.
Preloading 2 native plugins for Editor in 0.92 ms.
Initialize engine version: 2020.3.2f1 (8fd9074bf66c)
[Subsystems] Discovering subsystems at path D:/Unity Editors/2020.3.2f1/Editor/Data/Resources/UnitySubsystems
[Subsystems] Discovering subsystems at path D:/Git Projects/VR-Mass-Spec/VR Mass Spec/Assets
GfxDevice: creating device client; threaded=0
Direct3D:
    Version:  Direct3D 11.0 [level 11.1]
    Renderer: NVIDIA GeForce GTX 1660 Ti (ID=0x2182)
    Vendor:   
    VRAM:     5991 MB
    Driver:   30.0.14.7111
Shader 'Universal Render Pipeline/Particles/Lit': fallback shader 'Universal Render Pipeline/Particles/SimpleLit' not found
Initialize mono
Mono path[0] = 'D:/Unity Editors/2020.3.2f1/Editor/Data/Managed'
Mono path[1] = 'D:/Unity Editors/2020.3.2f1/Editor/Data/MonoBleedingEdge/lib/mono/unityjit'
Mono config path = 'D:/Unity Editors/2020.3.2f1/Editor/Data/MonoBleedingEdge/etc'
Using monoOptions --debugger-agent=transport=dt_socket,embedding=1,server=y,suspend=n,address=127.0.0.1:56984
Begin MonoManager ReloadAssembly
Registering precompiled unity dll's ...
Register platform support module: D:/Unity Editors/2020.3.2f1/Editor/Data/PlaybackEngines/WebGLSupport/UnityEditor.WebGL.Extensions.dll
Register platform support module: D:/Unity Editors/2020.3.2f1/Editor/Data/PlaybackEngines/WindowsStandaloneSupport/UnityEditor.WindowsStandalone.Extensions.dll
Registered in 0.000907 seconds.
Native extension for WindowsStandalone target not found
Native extension for WebGL target not found
Refreshing native plugins compatible for Editor in 63.62 ms, found 9 plugins.
Preloading 2 native plugins for Editor in 0.09 ms.
Invoked RoslynAnalysisRunner static constructor.
RoslynAnalysisRunner will not be running.
RoslynAnalysisRunner has terminated.
Mono: successfully reloaded assembly
- Completed reload, in  1.147 seconds
Platform modules already initialized, skipping
Registering precompiled user dll's ...
Registered in 0.003502 seconds.
Begin MonoManager ReloadAssembly
Native extension for WindowsStandalone target not found
Native extension for WebGL target not found
Refreshing native plugins compatible for Editor in 67.58 ms, found 9 plugins.
Preloading 2 native plugins for Editor in 0.09 ms.
Invoked RoslynAnalysisRunner static constructor.
RoslynAnalysisRunner will not be running.
RoslynAnalysisRunner has terminated.
[XR] OculusXRPlugin: registering subsystems
[XR] Unable to register display lifecyle provider: [1]
[XR] Oculus Input lifecycle provider registered.
[XR] Unable to register input lifecyle provider: [1]
NullReferenceException: Object reference not set to an instance of an object
  at Unity.XR.Oculus.OculusLoader.AssetPathToAbsolutePath (System.String assetPath) [0x00048] in D:\Git Projects\VR-Mass-Spec\VR Mass Spec\Library\PackageCache\com.unity.xr.oculus@1.8.1\Runtime\OculusLoader.cs:243 
  at Unity.XR.Oculus.OculusLoader.EditorLoadOVRPlugin () [0x0007b] in D:\Git Projects\VR-Mass-Spec\VR Mass Spec\Library\PackageCache\com.unity.xr.oculus@1.8.1\Runtime\OculusLoader.cs:228 

(Filename: Library/PackageCache/com.unity.xr.oculus@1.8.1/Runtime/OculusLoader.cs Line: 243)

Mono: successfully reloaded assembly
- Completed reload, in  1.045 seconds
Platform modules already initialized, skipping
========================================================================
Worker process is ready to serve import requests
Shader 'Universal Render Pipeline/Particles/Lit': fallback shader 'Universal Render Pipeline/Particles/SimpleLit' not found
Launched and connected shader compiler UnityShaderCompiler.exe after 0.04 seconds
Refreshing native plugins compatible for Editor in 0.76 ms, found 9 plugins.
Preloading 2 native plugins for Editor in 0.08 ms.
Unloading 3875 Unused Serialized files (Serialized files now loaded: 0)
System memory in use before: 165.3 MB.
System memory in use after: 165.4 MB.

Unloading 16 unused Assets to reduce memory usage. Loaded Objects now: 4326.
Total: 2.687400 ms (FindLiveObjects: 0.408500 ms CreateObjectMapping: 0.228600 ms MarkObjects: 1.959900 ms  DeleteObjects: 0.089200 ms)

========================================================================
Received Import Request.
  path: Assets/Neptune 3D Models/Plasma Torch.fbx
  artifactKey: Guid(6ab2f7bd36f14584aa8239db94cefc6e) Importer(815301076,1909f56bfc062723c751e8b465ee728b)
Start importing Assets/Neptune 3D Models/Plasma Torch.fbx using Guid(6ab2f7bd36f14584aa8239db94cefc6e) Importer(815301076,1909f56bfc062723c751e8b465ee728b)  -> (artifact id: 'd410b499b5939f832286b04944f403dc') in 0.178651 seconds
  Import took 0.186230 seconds .

========================================================================
Received Import Request.
  Time since last request: 0.000159 seconds.
  path: Assets/Neptune 3D Models/ESA.fbx
  artifactKey: Guid(1066c64808231954d9befddd9d1cc046) Importer(815301076,1909f56bfc062723c751e8b465ee728b)
Start importing Assets/Neptune 3D Models/ESA.fbx using Guid(1066c64808231954d9befddd9d1cc046) Importer(815301076,1909f56bfc062723c751e8b465ee728b)  -> (artifact id: '43627216eed76987c62368d414c75713') in 0.033419 seconds
  Import took 0.039781 seconds .

========================================================================
Received Import Request.
  Time since last request: 0.000145 seconds.
  path: Assets/Neptune 3D Models/zoom optics.fbx
  artifactKey: Guid(c785c0b53ae9c66479162bd0e8163d9f) Importer(815301076,1909f56bfc062723c751e8b465ee728b)
Start importing Assets/Neptune 3D Models/zoom optics.fbx using Guid(c785c0b53ae9c66479162bd0e8163d9f) Importer(815301076,1909f56bfc062723c751e8b465ee728b)  -> (artifact id: '62ec0d08ae8db1db63ba9b766e4ff2b3') in 0.040376 seconds
  Import took 0.047277 seconds .

========================================================================
Received Import Request.
  Time since last request: 0.000165 seconds.
  path: Assets/Neptune 3D Models/Acceleration Lens.fbx
  artifactKey: Guid(ae6aeef5e2aed404cb9e1a25c1cb3486) Importer(815301076,1909f56bfc062723c751e8b465ee728b)
Start importing Assets/Neptune 3D Models/Acceleration Lens.fbx using Guid(ae6aeef5e2aed404cb9e1a25c1cb3486) Importer(815301076,1909f56bfc062723c751e8b465ee728b)  -> (artifact id: '2704abfaf8dd86310e53310ea89e5aa4') in 0.012508 seconds
  Import took 0.017527 seconds .

========================================================================
Received Import Request.
  Time since last request: 0.000166 seconds.
  path: Assets/Neptune 3D Models/RPQ and SEM.fbx
  artifactKey: Guid(108a7d6ab7bdacb43b76c9ba3cd5af57) Importer(815301076,1909f56bfc062723c751e8b465ee728b)
Start importing Assets/Neptune 3D Models/RPQ and SEM.fbx using Guid(108a7d6ab7bdacb43b76c9ba3cd5af57) Importer(815301076,1909f56bfc062723c751e8b465ee728b)  -> (artifact id: '672bb4dc232fda0cad51fdf70c233db2') in 0.035806 seconds
  Import took 0.043797 seconds .

========================================================================
Received Import Request.
  Time since last request: 0.000163 seconds.
  path: Assets/Neptune 3D Models/Injector.fbx
  artifactKey: Guid(97aaf9f415413e643bc34c13273ad5de) Importer(815301076,1909f56bfc062723c751e8b465ee728b)
Start importing Assets/Neptune 3D Models/Injector.fbx using Guid(97aaf9f415413e643bc34c13273ad5de) Importer(815301076,1909f56bfc062723c751e8b465ee728b)  -> (artifact id: '4a090fce3261666bd233b6c96690814c') in 0.010862 seconds
  Import took 0.015938 seconds .

========================================================================
Received Import Request.
  Time since last request: 0.000160 seconds.
  path: Assets/Neptune 3D Models/multicollector.fbx
  artifactKey: Guid(ac8493d9338a2da4ab90f65356626ebf) Importer(815301076,1909f56bfc062723c751e8b465ee728b)
Start importing Assets/Neptune 3D Models/multicollector.fbx using Guid(ac8493d9338a2da4ab90f65356626ebf) Importer(815301076,1909f56bfc062723c751e8b465ee728b)  -> (artifact id: '9be26911c3f4b69af8d8bfd0b39170f4') in 0.010722 seconds
  Import took 0.017299 seconds .

========================================================================
Received Import Request.
  Time since last request: 0.000155 seconds.
  path: Assets/Neptune 3D Models/mass spectrometer.fbx
  artifactKey: Guid(73d64b42a6f243a4093788babfdf779e) Importer(815301076,1909f56bfc062723c751e8b465ee728b)
Start importing Assets/Neptune 3D Models/mass spectrometer.fbx using Guid(73d64b42a6f243a4093788babfdf779e) Importer(815301076,1909f56bfc062723c751e8b465ee728b)  -> (artifact id: 'f006a240c377f0a4dcfa0ca4ed4b187f') in 0.526058 seconds
  Import took 0.539130 seconds .

========================================================================
Received Import Request.
  Time since last request: 0.000145 seconds.
  path: Assets/Neptune 3D Models/Magnet.fbx
  artifactKey: Guid(274e9890cfb2bd14a9be9159846eeddc) Importer(815301076,1909f56bfc062723c751e8b465ee728b)
Start importing Assets/Neptune 3D Models/Magnet.fbx using Guid(274e9890cfb2bd14a9be9159846eeddc) Importer(815301076,1909f56bfc062723c751e8b465ee728b)  -> (artifact id: 'f90b4944f39dda787c0c93c2b3c192e1') in 0.013747 seconds
  Import took 0.019357 seconds .

========================================================================
Received Import Request.
  Time since last request: 0.000112 seconds.
  path: Assets/Neptune 3D Models/Transfer Lens System.fbx
  artifactKey: Guid(990798d63664c5b40b8d2a7b36d6816f) Importer(815301076,1909f56bfc062723c751e8b465ee728b)
Start importing Assets/Neptune 3D Models/Transfer Lens System.fbx using Guid(990798d63664c5b40b8d2a7b36d6816f) Importer(815301076,1909f56bfc062723c751e8b465ee728b)  -> (artifact id: '51e02bc1396f261df238b841cb9eeba6') in 0.013390 seconds
  Import took 0.018661 seconds .

========================================================================
Received Import Request.
  Time since last request: 0.000101 seconds.
  path: Assets/Neptune 3D Models/Plasma Interface.fbx
  artifactKey: Guid(5d10bc3964131f644abec251c2232f54) Importer(815301076,1909f56bfc062723c751e8b465ee728b)
Start importing Assets/Neptune 3D Models/Plasma Interface.fbx using Guid(5d10bc3964131f644abec251c2232f54) Importer(815301076,1909f56bfc062723c751e8b465ee728b)  -> (artifact id: 'ab4d77d96bee617f95e827c2f46d9194') in 0.016236 seconds
  Import took 0.021775 seconds .

========================================================================
Received Import Request.
  Time since last request: 0.000121 seconds.
  path: Assets/Neptune 3D Models/spray chamber.fbx
  artifactKey: Guid(3d93431bc2cb363499419447893101ee) Importer(815301076,1909f56bfc062723c751e8b465ee728b)
Start importing Assets/Neptune 3D Models/spray chamber.fbx using Guid(3d93431bc2cb363499419447893101ee) Importer(815301076,1909f56bfc062723c751e8b465ee728b)  -> (artifact id: '8dd5d9f976039724bb7405cf1323864c') in 0.017307 seconds
  Import took 0.022464 seconds .

========================================================================
Received Import Request.
  Time since last request: 0.000119 seconds.
  path: Assets/Neptune 3D Models/Case.fbx
  artifactKey: Guid(32dbf87542ae26941b358ff39d58d52b) Importer(815301076,1909f56bfc062723c751e8b465ee728b)
Start importing Assets/Neptune 3D Models/Case.fbx using Guid(32dbf87542ae26941b358ff39d58d52b) Importer(815301076,1909f56bfc062723c751e8b465ee728b)  -> (artifact id: '49c1dae9a49caf2d1df0bc94300b74fe') in 0.010048 seconds
  Import took 0.015617 seconds .

========================================================================
Received Import Request.
  Time since last request: 0.000113 seconds.
  path: Assets/Neptune 3D Models/Zoom Optics 2.fbx
  artifactKey: Guid(7604936aebcce7f4c9c911d50c8ddd2e) Importer(815301076,1909f56bfc062723c751e8b465ee728b)
Start importing Assets/Neptune 3D Models/Zoom Optics 2.fbx using Guid(7604936aebcce7f4c9c911d50c8ddd2e) Importer(815301076,1909f56bfc062723c751e8b465ee728b)  -> (artifact id: '3ceb51f0a67a2901ee689025406e3b51') in 0.010691 seconds
  Import took 0.016191 seconds .

AssetImportWorkerClient::OnTransportError - code=2 error=End of file
